0 info it worked if it ends with ok
1 verbose cli [ 'D:\\nodejs\\nodejs\\node.exe',
1 verbose cli   'C:\\Users\\acer\\AppData\\Roaming\\npm\\node_modules\\npm\\bin\\npm-cli.js',
1 verbose cli   'install',
1 verbose cli   '-g',
1 verbose cli   'cnpm',
1 verbose cli   '--registry=https://registry.npm.taobao.org' ]
2 info using npm@4.0.5
3 info using node@v6.9.4
4 silly loadCurrentTree Starting
5 silly install loadCurrentTree
6 silly install readGlobalPackageData
7 silly fetchPackageMetaData cnpm
8 silly fetchNamedPackageData cnpm
9 silly mapToRegistry name cnpm
10 silly mapToRegistry using default registry
11 silly mapToRegistry registry https://registry.npm.taobao.org/
12 silly mapToRegistry data Result {
12 silly mapToRegistry   raw: 'cnpm',
12 silly mapToRegistry   scope: null,
12 silly mapToRegistry   escapedName: 'cnpm',
12 silly mapToRegistry   name: 'cnpm',
12 silly mapToRegistry   rawSpec: '',
12 silly mapToRegistry   spec: 'latest',
12 silly mapToRegistry   type: 'tag' }
13 silly mapToRegistry uri https://registry.npm.taobao.org/cnpm
14 verbose request uri https://registry.npm.taobao.org/cnpm
15 verbose request no auth needed
16 info attempt registry request try #1 at 22:17:55
17 verbose request id e571c3b19d867cb6
18 verbose etag W/"634fe6844ce775bd1400c8eb778c87b7"
19 http request GET https://registry.npm.taobao.org/cnpm
20 info retry will retry, error on last attempt: Error: unexpected end of file
21 info attempt registry request try #2 at 22:18:05
22 verbose etag W/"634fe6844ce775bd1400c8eb778c87b7"
23 http request GET https://registry.npm.taobao.org/cnpm
24 info retry will retry, error on last attempt: Error: unexpected end of file
25 verbose stack Error: kill ENOSYS
25 verbose stack     at exports._errnoException (util.js:1022:11)
25 verbose stack     at process.kill (internal/process.js:172:13)
25 verbose stack     at process.listener (C:\Users\acer\AppData\Roaming\npm\node_modules\npm\node_modules\npmlog\node_modules\gauge\node_modules\signal-exit\index.js:86:15)
25 verbose stack     at emitNone (events.js:91:20)
25 verbose stack     at process.emit (events.js:185:7)
25 verbose stack     at processEmit (C:\Users\acer\AppData\Roaming\npm\node_modules\npm\node_modules\npmlog\node_modules\gauge\node_modules\signal-exit\index.js:146:32)
25 verbose stack     at processEmit (C:\Users\acer\AppData\Roaming\npm\node_modules\npm\node_modules\npm-registry-client\node_modules\npmlog\node_modules\gauge\node_modules\signal-exit\index.js:146:32)
25 verbose stack     at Signal.wrap.onsignal (internal/process.js:199:44)
26 verbose cwd E:\Git\github\learnVue2.x
27 error Windows_NT 6.1.7601
28 error argv "D:\\nodejs\\nodejs\\node.exe" "C:\\Users\\acer\\AppData\\Roaming\\npm\\node_modules\\npm\\bin\\npm-cli.js" "install" "-g" "cnpm" "--registry=https://registry.npm.taobao.org"
29 error node v6.9.4
30 error npm  v4.0.5
31 error code ENOSYS
32 error errno ENOSYS
33 error syscall kill
34 error kill ENOSYS
35 error If you need help, you may report this error at:
35 error     <https://github.com/npm/npm/issues>
36 verbose exit [ 1, true ]
